<?xml version="1.0" encoding="UTF-8"?>
<testsuite name="testSuite.ticktick.CRUDTaskTest" tests="1" skipped="0" failures="0" errors="0" timestamp="2022-12-10T22:22:37" hostname="LAPTOP-RQ5SA3I4" time="21.911">
  <properties/>
  <testcase name="verifyCRUDTask()" classname="testSuite.ticktick.CRUDTaskTest" time="21.911"/>
  <system-out><![CDATA[]]></system-out>
  <system-err><![CDATA[SLF4J: Failed to load class "org.slf4j.impl.StaticLoggerBinder".
SLF4J: Defaulting to no-operation (NOP) logger implementation
SLF4J: See http://www.slf4j.org/codes.html#StaticLoggerBinder for further details.
Starting ChromeDriver 108.0.5359.71 (1e0e3868ee06e91ad636a874420e3ca3ae3756ac-refs/branch-heads/5359@{#1016}) on port 22805
Only local connections are allowed.
Please see https://chromedriver.chromium.org/security-considerations for suggestions on keeping ChromeDriver safe.
ChromeDriver was started successfully.
dic 10, 2022 6:22:42 PM org.openqa.selenium.devtools.CdpVersionFinder findNearestMatch
ADVERTENCIA: Unable to find an exact match for CDP version 108, so returning the closest version found: 106
]]></system-err>
</testsuite>
